android/app/build/intermediates/manifest_merge_blame_file/debug/manifest-merger-blame-debug-report.txt
1<?xml version="1.0" encoding="utf-8"?>
2<manifest xmlns:android="http://schemas.android.com/apk/res/android"
3    package="com.homehosp"
4    android:versionCode="2"
5    android:versionName="1.0" >
6
7    <uses-sdk
8        android:minSdkVersion="21"
9        android:targetSdkVersion="33" />
10
11    <uses-permission android:name="android.permission.SYSTEM_ALERT_WINDOW" />
11-->src/debug/AndroidManifest.xml:5:5-77
11-->src/debug/AndroidManifest.xml:5:22-75
12    <uses-permission android:name="android.permission.INTERNET" />
12-->src/main/AndroidManifest.xml:5:5-67
12-->src/main/AndroidManifest.xml:5:22-64
13    <uses-permission android:name="android.permission.CAMERA" />
13-->src/main/AndroidManifest.xml:6:5-65
13-->src/main/AndroidManifest.xml:6:22-62
14    <uses-permission android:name="android.permission.WRITE_EXTERNAL_STORAGE" />
14-->src/main/AndroidManifest.xml:7:5-81
14-->src/main/AndroidManifest.xml:7:22-78
15    <uses-permission android:name="android.permission.READ_EXTERNAL_STORAGE" />
15-->src/main/AndroidManifest.xml:8:5-80
15-->src/main/AndroidManifest.xml:8:22-77
16    <uses-permission android:name="android.permission.READ_PHONE_STATE" />
16-->src/main/AndroidManifest.xml:9:5-75
16-->src/main/AndroidManifest.xml:9:22-72
17    <uses-permission android:name="android.permission.ACCESS_NETWORK_STATE" />
17-->src/main/AndroidManifest.xml:10:5-79
17-->src/main/AndroidManifest.xml:10:22-76
18    <uses-permission android:name="android.permission.RECEIVE_BOOT_COMPLETED" />
18-->src/main/AndroidManifest.xml:11:5-81
18-->src/main/AndroidManifest.xml:11:22-78
19    <uses-permission android:name="android.permission.VIBRATE" />
19-->src/main/AndroidManifest.xml:12:5-66
19-->src/main/AndroidManifest.xml:12:22-63
20    <uses-permission android:name="android.permission.BLUETOOTH" />
20-->src/main/AndroidManifest.xml:13:5-68
20-->src/main/AndroidManifest.xml:13:22-65
21    <uses-permission android:name="android.permission.RECORD_AUDIO" />
21-->src/main/AndroidManifest.xml:14:5-71
21-->src/main/AndroidManifest.xml:14:22-68
22    <uses-permission android:name="android.permission.MODIFY_AUDIO_SETTINGS" />
22-->src/main/AndroidManifest.xml:15:5-80
22-->src/main/AndroidManifest.xml:15:22-77
23    <uses-permission android:name="android.permission.POST_NOTIFICATIONS" />
23-->src/main/AndroidManifest.xml:16:5-77
23-->src/main/AndroidManifest.xml:16:22-74
24
25    <uses-feature
25-->src/main/AndroidManifest.xml:17:5-85
26        android:name="android.hardware.camera"
26-->src/main/AndroidManifest.xml:17:19-57
27        android:required="true" />
27-->src/main/AndroidManifest.xml:17:58-82
28    <uses-feature
28-->src/main/AndroidManifest.xml:18:5-95
29        android:name="android.hardware.camera.autofocus"
29-->src/main/AndroidManifest.xml:18:19-67
30        android:required="true" />
30-->src/main/AndroidManifest.xml:18:68-92
31    <uses-feature
31-->src/main/AndroidManifest.xml:19:5-89
32        android:name="android.hardware.microphone"
32-->src/main/AndroidManifest.xml:19:19-61
33        android:required="false" />
33-->src/main/AndroidManifest.xml:19:62-86
34
35    <uses-permission android:name="android.permission.ACCESS_WIFI_STATE" />
35-->[com.facebook.flipper:flipper:0.99.0] AndroidManifest.xml:16:5-76
35-->[com.facebook.flipper:flipper:0.99.0] AndroidManifest.xml:16:22-73
36    <uses-permission android:name="android.permission.WAKE_LOCK" />
36-->[:react-native-firebase_analytics] AndroidManifest.xml:9:5-68
36-->[:react-native-firebase_analytics] AndroidManifest.xml:9:22-65
37
38    <queries>
38-->[:react-native-image-crop-picker] AndroidManifest.xml:7:5-11:15
39        <intent>
39-->[:react-native-image-crop-picker] AndroidManifest.xml:8:9-10:18
40            <action android:name="android.media.action.IMAGE_CAPTURE" />
40-->[:react-native-image-crop-picker] AndroidManifest.xml:9:13-73
40-->[:react-native-image-crop-picker] AndroidManifest.xml:9:21-70
41        </intent>
42        <!-- Added to check the default browser that will host the AuthFlow. -->
43        <intent>
43-->[com.stripe:financial-connections:20.25.8] AndroidManifest.xml:13:9-17:18
44            <action android:name="android.intent.action.VIEW" />
44-->[com.stripe:link:20.25.8] AndroidManifest.xml:21:17-69
44-->[com.stripe:link:20.25.8] AndroidManifest.xml:21:25-66
45
46            <data android:scheme="http" />
46-->[com.stripe:link:20.25.8] AndroidManifest.xml:26:17-29:51
46-->[com.stripe:link:20.25.8] AndroidManifest.xml:29:21-48
47        </intent> <!-- Added to check if Chrome is installed for browser-based payment authentication (e.g. 3DS1). -->
48        <package android:name="com.android.chrome" /> <!-- Needs to be explicitly declared on Android R+ -->
48-->[com.stripe:payments-core:20.25.8] AndroidManifest.xml:11:9-54
48-->[com.stripe:payments-core:20.25.8] AndroidManifest.xml:11:18-51
49        <package android:name="com.google.android.apps.maps" />
49-->[com.google.android.gms:play-services-maps:18.0.2] AndroidManifest.xml:33:9-64
49-->[com.google.android.gms:play-services-maps:18.0.2] AndroidManifest.xml:33:18-61
50    </queries>
51
52    <uses-feature
52-->[:react-native-twilio-video-webrtc] AndroidManifest.xml:9:5-11:35
53        android:glEsVersion="0x00020000"
53-->[:react-native-twilio-video-webrtc] AndroidManifest.xml:10:9-41
54        android:required="true" />
54-->[:react-native-twilio-video-webrtc] AndroidManifest.xml:11:9-32
55
56    <uses-permission android:name="android.permission.BLUETOOTH_ADMIN" /> <!-- Required to access Google Play Licensing -->
56-->[:react-native-twilio-video-webrtc] AndroidManifest.xml:19:5-74
56-->[:react-native-twilio-video-webrtc] AndroidManifest.xml:19:22-71
57    <uses-permission android:name="com.android.vending.CHECK_LICENSE" />
57-->[:rn-fetch-blob] AndroidManifest.xml:8:5-73
57-->[:rn-fetch-blob] AndroidManifest.xml:8:22-70
58    <uses-permission android:name="com.google.android.finsky.permission.BIND_GET_INSTALL_REFERRER_SERVICE" />
58-->[com.google.android.gms:play-services-measurement:21.2.1] AndroidManifest.xml:26:5-110
58-->[com.google.android.gms:play-services-measurement:21.2.1] AndroidManifest.xml:26:22-107
59    <uses-permission android:name="com.google.android.gms.permission.AD_ID" /> <!-- Required by older versions of Google Play services to create IID tokens -->
59-->[com.google.android.gms:play-services-measurement-api:21.2.1] AndroidManifest.xml:25:5-79
59-->[com.google.android.gms:play-services-measurement-api:21.2.1] AndroidManifest.xml:25:22-76
60    <uses-permission android:name="com.google.android.c2dm.permission.RECEIVE" /> <!-- for android -->
60-->[com.google.firebase:firebase-messaging:23.1.2] AndroidManifest.xml:28:5-82
60-->[com.google.firebase:firebase-messaging:23.1.2] AndroidManifest.xml:28:22-79
61    <!-- <uses-permission android:name="com.android.launcher.permission.READ_SETTINGS"/> -->
62    <!-- <uses-permission android:name="com.android.launcher.permission.WRITE_SETTINGS"/> -->
63    <!-- <uses-permission android:name="com.android.launcher.permission.INSTALL_SHORTCUT" /> -->
64    <!-- <uses-permission android:name="com.android.launcher.permission.UNINSTALL_SHORTCUT" /> -->
65    <!-- for Samsung -->
66    <uses-permission android:name="com.sec.android.provider.badge.permission.READ" />
66-->[me.leolin:ShortcutBadger:1.1.22] AndroidManifest.xml:19:5-86
66-->[me.leolin:ShortcutBadger:1.1.22] AndroidManifest.xml:19:22-83
67    <uses-permission android:name="com.sec.android.provider.badge.permission.WRITE" /> <!-- for htc -->
67-->[me.leolin:ShortcutBadger:1.1.22] AndroidManifest.xml:20:5-87
67-->[me.leolin:ShortcutBadger:1.1.22] AndroidManifest.xml:20:22-84
68    <uses-permission android:name="com.htc.launcher.permission.READ_SETTINGS" />
68-->[me.leolin:ShortcutBadger:1.1.22] AndroidManifest.xml:23:5-81
68-->[me.leolin:ShortcutBadger:1.1.22] AndroidManifest.xml:23:22-78
69    <uses-permission android:name="com.htc.launcher.permission.UPDATE_SHORTCUT" /> <!-- for sony -->
69-->[me.leolin:ShortcutBadger:1.1.22] AndroidManifest.xml:24:5-83
69-->[me.leolin:ShortcutBadger:1.1.22] AndroidManifest.xml:24:22-80
70    <uses-permission android:name="com.sonyericsson.home.permission.BROADCAST_BADGE" />
70-->[me.leolin:ShortcutBadger:1.1.22] AndroidManifest.xml:27:5-88
70-->[me.leolin:ShortcutBadger:1.1.22] AndroidManifest.xml:27:22-85
71    <uses-permission android:name="com.sonymobile.home.permission.PROVIDER_INSERT_BADGE" /> <!-- for apex -->
71-->[me.leolin:ShortcutBadger:1.1.22] AndroidManifest.xml:28:5-92
71-->[me.leolin:ShortcutBadger:1.1.22] AndroidManifest.xml:28:22-89
72    <uses-permission android:name="com.anddoes.launcher.permission.UPDATE_COUNT" /> <!-- for solid -->
72-->[me.leolin:ShortcutBadger:1.1.22] AndroidManifest.xml:31:5-84
72-->[me.leolin:ShortcutBadger:1.1.22] AndroidManifest.xml:31:22-81
73    <uses-permission android:name="com.majeur.launcher.permission.UPDATE_BADGE" /> <!-- for huawei -->
73-->[me.leolin:ShortcutBadger:1.1.22] AndroidManifest.xml:34:5-83
73-->[me.leolin:ShortcutBadger:1.1.22] AndroidManifest.xml:34:22-80
74    <uses-permission android:name="com.huawei.android.launcher.permission.CHANGE_BADGE" />
74-->[me.leolin:ShortcutBadger:1.1.22] AndroidManifest.xml:37:5-91
74-->[me.leolin:ShortcutBadger:1.1.22] AndroidManifest.xml:37:22-88
75    <uses-permission android:name="com.huawei.android.launcher.permission.READ_SETTINGS" />
75-->[me.leolin:ShortcutBadger:1.1.22] AndroidManifest.xml:38:5-92
75-->[me.leolin:ShortcutBadger:1.1.22] AndroidManifest.xml:38:22-89
76    <uses-permission android:name="com.huawei.android.launcher.permission.WRITE_SETTINGS" /> <!-- for ZUK -->
76-->[me.leolin:ShortcutBadger:1.1.22] AndroidManifest.xml:39:5-93
76-->[me.leolin:ShortcutBadger:1.1.22] AndroidManifest.xml:39:22-90
77    <uses-permission android:name="android.permission.READ_APP_BADGE" /> <!-- for OPPO -->
77-->[me.leolin:ShortcutBadger:1.1.22] AndroidManifest.xml:42:5-73
77-->[me.leolin:ShortcutBadger:1.1.22] AndroidManifest.xml:42:22-70
78    <uses-permission android:name="com.oppo.launcher.permission.READ_SETTINGS" />
78-->[me.leolin:ShortcutBadger:1.1.22] AndroidManifest.xml:45:5-82
78-->[me.leolin:ShortcutBadger:1.1.22] AndroidManifest.xml:45:22-79
79    <uses-permission android:name="com.oppo.launcher.permission.WRITE_SETTINGS" /> <!-- for EvMe -->
79-->[me.leolin:ShortcutBadger:1.1.22] AndroidManifest.xml:46:5-83
79-->[me.leolin:ShortcutBadger:1.1.22] AndroidManifest.xml:46:22-80
80    <uses-permission android:name="me.everything.badger.permission.BADGE_COUNT_READ" />
80-->[me.leolin:ShortcutBadger:1.1.22] AndroidManifest.xml:49:5-88
80-->[me.leolin:ShortcutBadger:1.1.22] AndroidManifest.xml:49:22-85
81    <uses-permission android:name="me.everything.badger.permission.BADGE_COUNT_WRITE" />
81-->[me.leolin:ShortcutBadger:1.1.22] AndroidManifest.xml:50:5-89
81-->[me.leolin:ShortcutBadger:1.1.22] AndroidManifest.xml:50:22-86
82
83    <application
83-->src/main/AndroidManifest.xml:21:5-69:19
84        android:name="com.homehosp.MainApplication"
84-->src/main/AndroidManifest.xml:22:9-40
85        android:allowBackup="false"
85-->src/main/AndroidManifest.xml:23:9-36
86        android:allowClearUserData="true"
86-->src/main/AndroidManifest.xml:24:9-42
87        android:appComponentFactory="androidx.core.app.CoreComponentFactory"
87-->[androidx.core:core:1.8.0] AndroidManifest.xml:24:18-86
88        android:debuggable="true"
89        android:icon="@mipmap/ic_launcher"
89-->src/main/AndroidManifest.xml:25:9-43
90        android:label="@string/app_name"
90-->src/main/AndroidManifest.xml:26:9-41
91        android:networkSecurityConfig="@xml/network_security_config"
91-->src/main/AndroidManifest.xml:29:9-69
92        android:roundIcon="@mipmap/ic_launcher_round"
92-->src/main/AndroidManifest.xml:27:9-54
93        android:supportsRtl="true"
93-->[:react-native-call-detection] AndroidManifest.xml:12:9-35
94        android:theme="@style/AppTheme"
94-->src/main/AndroidManifest.xml:28:9-40
95        android:usesCleartextTraffic="true" >
95-->src/main/AndroidManifest.xml:31:9-44
96        <activity android:name="com.facebook.react.devsupport.DevSettingsActivity" />
96-->src/debug/AndroidManifest.xml:11:9-86
96-->src/debug/AndroidManifest.xml:11:19-83
97        <activity
97-->src/main/AndroidManifest.xml:32:9-44:20
98            android:name="com.homehosp.MainActivity"
98-->src/main/AndroidManifest.xml:33:13-41
99            android:configChanges="keyboard|keyboardHidden|orientation|screenSize|uiMode"
99-->src/main/AndroidManifest.xml:34:13-90
100            android:exported="true"
100-->src/main/AndroidManifest.xml:35:13-36
101            android:label="@string/app_name"
101-->src/main/AndroidManifest.xml:36:13-45
102            android:launchMode="singleTask"
102-->src/main/AndroidManifest.xml:37:13-44
103            android:screenOrientation="portrait"
103-->src/main/AndroidManifest.xml:38:13-49
104            android:windowSoftInputMode="adjustResize" >
104-->src/main/AndroidManifest.xml:39:13-55
105            <intent-filter>
105-->src/main/AndroidManifest.xml:40:13-43:29
106                <action android:name="android.intent.action.MAIN" />
106-->src/main/AndroidManifest.xml:41:17-69
106-->src/main/AndroidManifest.xml:41:25-66
107
108                <category android:name="android.intent.category.LAUNCHER" />
108-->src/main/AndroidManifest.xml:42:17-77
108-->src/main/AndroidManifest.xml:42:27-74
109            </intent-filter>
110        </activity>
111
112        <meta-data
112-->src/main/AndroidManifest.xml:45:9-46:36
113            android:name="com.dieam.reactnativepushnotification.notification_foreground"
113-->src/main/AndroidManifest.xml:45:20-96
114            android:value="true" />
114-->src/main/AndroidManifest.xml:46:13-33
115        <meta-data
115-->src/main/AndroidManifest.xml:47:9-48:55
116            android:name="com.dieam.reactnativepushnotification.notification_color"
116-->src/main/AndroidManifest.xml:47:20-91
117            android:resource="@android:color/white" />
117-->src/main/AndroidManifest.xml:48:13-52
118
119        <receiver android:name="com.dieam.reactnativepushnotification.modules.RNPushNotificationActions" />
119-->src/main/AndroidManifest.xml:49:9-50:102
119-->src/main/AndroidManifest.xml:50:13-99
120        <receiver android:name="com.dieam.reactnativepushnotification.modules.RNPushNotificationPublisher" />
120-->src/main/AndroidManifest.xml:51:9-52:104
120-->src/main/AndroidManifest.xml:52:13-101
121        <receiver
121-->src/main/AndroidManifest.xml:53:9-61:20
122            android:name="com.dieam.reactnativepushnotification.modules.RNPushNotificationBootEventReceiver"
122-->src/main/AndroidManifest.xml:54:13-109
123            android:exported="true" >
123-->src/main/AndroidManifest.xml:55:13-36
124            <intent-filter>
124-->src/main/AndroidManifest.xml:56:13-60:29
125                <action android:name="android.intent.action.BOOT_COMPLETED" />
125-->src/main/AndroidManifest.xml:57:17-79
125-->src/main/AndroidManifest.xml:57:25-76
126                <action android:name="android.intent.action.QUICKBOOT_POWERON" />
126-->src/main/AndroidManifest.xml:58:17-82
126-->src/main/AndroidManifest.xml:58:25-79
127                <action android:name="com.htc.intent.action.QUICKBOOT_POWERON" />
127-->src/main/AndroidManifest.xml:59:17-82
127-->src/main/AndroidManifest.xml:59:25-79
128            </intent-filter>
129        </receiver>
130
131        <service
131-->src/main/AndroidManifest.xml:62:9-68:19
132            android:name="com.dieam.reactnativepushnotification.modules.RNPushNotificationListenerService"
132-->src/main/AndroidManifest.xml:63:13-107
133            android:exported="false" >
133-->src/main/AndroidManifest.xml:64:13-37
134            <intent-filter>
134-->src/main/AndroidManifest.xml:65:13-67:29
135                <action android:name="com.google.firebase.MESSAGING_EVENT" />
135-->src/main/AndroidManifest.xml:66:17-78
135-->src/main/AndroidManifest.xml:66:25-75
136            </intent-filter>
137        </service>
138
139        <meta-data
139-->[:react-native-firebase_analytics] AndroidManifest.xml:12:9-14:36
140            android:name="firebase_analytics_collection_enabled"
140-->[:react-native-firebase_analytics] AndroidManifest.xml:13:13-65
141            android:value="true" />
141-->[:react-native-firebase_analytics] AndroidManifest.xml:14:13-33
142        <meta-data
142-->[:react-native-firebase_analytics] AndroidManifest.xml:15:9-17:37
143            android:name="firebase_analytics_collection_deactivated"
143-->[:react-native-firebase_analytics] AndroidManifest.xml:16:13-69
144            android:value="false" />
144-->[:react-native-firebase_analytics] AndroidManifest.xml:17:13-34
145        <meta-data
145-->[:react-native-firebase_analytics] AndroidManifest.xml:18:9-20:36
146            android:name="google_analytics_adid_collection_enabled"
146-->[:react-native-firebase_analytics] AndroidManifest.xml:19:13-68
147            android:value="true" />
147-->[:react-native-firebase_analytics] AndroidManifest.xml:20:13-33
148        <meta-data
148-->[:react-native-firebase_analytics] AndroidManifest.xml:21:9-23:36
149            android:name="google_analytics_ssaid_collection_enabled"
149-->[:react-native-firebase_analytics] AndroidManifest.xml:22:13-69
150            android:value="true" />
150-->[:react-native-firebase_analytics] AndroidManifest.xml:23:13-33
151        <meta-data
151-->[:react-native-firebase_analytics] AndroidManifest.xml:24:9-26:36
152            android:name="google_analytics_default_allow_ad_personalization_signals"
152-->[:react-native-firebase_analytics] AndroidManifest.xml:25:13-85
153            android:value="true" />
153-->[:react-native-firebase_analytics] AndroidManifest.xml:26:13-33
154        <meta-data
154-->[:react-native-firebase_analytics] AndroidManifest.xml:27:9-29:36
155            android:name="google_analytics_automatic_screen_reporting_enabled"
155-->[:react-native-firebase_analytics] AndroidManifest.xml:28:13-79
156            android:value="true" /> <!-- Disable crashlytics by default so we can custom init with CrashlyticsNdk support -->
156-->[:react-native-firebase_analytics] AndroidManifest.xml:29:13-33
157        <meta-data
157-->[:react-native-firebase_crashlytics] AndroidManifest.xml:10:9-12:37
158            android:name="firebase_crashlytics_collection_enabled"
158-->[:react-native-firebase_crashlytics] AndroidManifest.xml:11:13-67
159            android:value="false" />
159-->[:react-native-firebase_crashlytics] AndroidManifest.xml:12:13-34
160
161        <provider
161-->[:react-native-firebase_crashlytics] AndroidManifest.xml:14:9-18:38
162            android:name="io.invertase.firebase.crashlytics.ReactNativeFirebaseCrashlyticsInitProvider"
162-->[:react-native-firebase_crashlytics] AndroidManifest.xml:15:13-104
163            android:authorities="com.homehosp.reactnativefirebasecrashlyticsinitprovider"
163-->[:react-native-firebase_crashlytics] AndroidManifest.xml:16:13-94
164            android:exported="false"
164-->[:react-native-firebase_crashlytics] AndroidManifest.xml:17:13-37
165            android:initOrder="98" />
165-->[:react-native-firebase_crashlytics] AndroidManifest.xml:18:13-35
166
167        <meta-data
167-->[:react-native-firebase_app] AndroidManifest.xml:9:9-11:36
168            android:name="app_data_collection_default_enabled"
168-->[:react-native-firebase_app] AndroidManifest.xml:10:13-63
169            android:value="true" />
169-->[:react-native-firebase_app] AndroidManifest.xml:11:13-33
170
171        <service
171-->[:react-native-firebase_app] AndroidManifest.xml:13:9-21:19
172            android:name="com.google.firebase.components.ComponentDiscoveryService"
172-->[:react-native-firebase_app] AndroidManifest.xml:14:13-84
173            android:directBootAware="true"
173-->[:react-native-firebase_app] AndroidManifest.xml:15:13-43
174            android:exported="false" >
174-->[:react-native-firebase_app] AndroidManifest.xml:16:13-37
175            <meta-data
175-->[:react-native-firebase_app] AndroidManifest.xml:18:13-20:85
176                android:name="com.google.firebase.components:io.invertase.firebase.app.ReactNativeFirebaseAppRegistrar"
176-->[:react-native-firebase_app] AndroidManifest.xml:19:17-120
177                android:value="com.google.firebase.components.ComponentRegistrar" />
177-->[:react-native-firebase_app] AndroidManifest.xml:20:17-82
178            <meta-data
178-->[com.google.android.gms:play-services-measurement-api:21.2.1] AndroidManifest.xml:31:13-33:85
179                android:name="com.google.firebase.components:com.google.firebase.analytics.connector.internal.AnalyticsConnectorRegistrar"
179-->[com.google.android.gms:play-services-measurement-api:21.2.1] AndroidManifest.xml:32:17-139
180                android:value="com.google.firebase.components.ComponentRegistrar" />
180-->[com.google.android.gms:play-services-measurement-api:21.2.1] AndroidManifest.xml:33:17-82
181            <meta-data
181-->[com.google.firebase:firebase-messaging:23.1.2] AndroidManifest.xml:55:13-57:85
182                android:name="com.google.firebase.components:com.google.firebase.messaging.FirebaseMessagingRegistrar"
182-->[com.google.firebase:firebase-messaging:23.1.2] AndroidManifest.xml:56:17-119
183                android:value="com.google.firebase.components.ComponentRegistrar" />
183-->[com.google.firebase:firebase-messaging:23.1.2] AndroidManifest.xml:57:17-82
184            <meta-data
184-->[com.google.firebase:firebase-crashlytics-ndk:18.3.6] AndroidManifest.xml:34:13-36:85
185                android:name="com.google.firebase.components:com.google.firebase.crashlytics.ndk.CrashlyticsNdkRegistrar"
185-->[com.google.firebase:firebase-crashlytics-ndk:18.3.6] AndroidManifest.xml:35:17-122
186                android:value="com.google.firebase.components.ComponentRegistrar" />
186-->[com.google.firebase:firebase-crashlytics-ndk:18.3.6] AndroidManifest.xml:36:17-82
187            <meta-data
187-->[com.google.firebase:firebase-crashlytics:18.3.6] AndroidManifest.xml:17:13-19:85
188                android:name="com.google.firebase.components:com.google.firebase.crashlytics.CrashlyticsRegistrar"
188-->[com.google.firebase:firebase-crashlytics:18.3.6] AndroidManifest.xml:18:17-115
189                android:value="com.google.firebase.components.ComponentRegistrar" />
189-->[com.google.firebase:firebase-crashlytics:18.3.6] AndroidManifest.xml:19:17-82
190            <meta-data
190-->[com.google.firebase:firebase-datatransport:18.1.7] AndroidManifest.xml:27:13-29:85
191                android:name="com.google.firebase.components:com.google.firebase.datatransport.TransportRegistrar"
191-->[com.google.firebase:firebase-datatransport:18.1.7] AndroidManifest.xml:28:17-115
192                android:value="com.google.firebase.components.ComponentRegistrar" />
192-->[com.google.firebase:firebase-datatransport:18.1.7] AndroidManifest.xml:29:17-82
193            <meta-data
193-->[com.google.firebase:firebase-dynamic-links:21.1.0] AndroidManifest.xml:26:13-28:85
194                android:name="com.google.firebase.components:com.google.firebase.dynamiclinks.internal.FirebaseDynamicLinkRegistrar"
194-->[com.google.firebase:firebase-dynamic-links:21.1.0] AndroidManifest.xml:27:17-133
195                android:value="com.google.firebase.components.ComponentRegistrar" />
195-->[com.google.firebase:firebase-dynamic-links:21.1.0] AndroidManifest.xml:28:17-82
196            <meta-data
196-->[com.google.firebase:firebase-installations:17.1.3] AndroidManifest.xml:17:13-19:85
197                android:name="com.google.firebase.components:com.google.firebase.installations.FirebaseInstallationsRegistrar"
197-->[com.google.firebase:firebase-installations:17.1.3] AndroidManifest.xml:18:17-127
198                android:value="com.google.firebase.components.ComponentRegistrar" />
198-->[com.google.firebase:firebase-installations:17.1.3] AndroidManifest.xml:19:17-82
199        </service>
200
201        <provider
201-->[:react-native-firebase_app] AndroidManifest.xml:23:9-27:38
202            android:name="io.invertase.firebase.app.ReactNativeFirebaseAppInitProvider"
202-->[:react-native-firebase_app] AndroidManifest.xml:24:13-88
203            android:authorities="com.homehosp.reactnativefirebaseappinitprovider"
203-->[:react-native-firebase_app] AndroidManifest.xml:25:13-86
204            android:exported="false"
204-->[:react-native-firebase_app] AndroidManifest.xml:26:13-37
205            android:initOrder="99" />
205-->[:react-native-firebase_app] AndroidManifest.xml:27:13-35
206        <provider
206-->[:react-native-file-viewer] AndroidManifest.xml:8:9-16:20
207            android:name="com.vinzscam.reactnativefileviewer.FileProvider"
207-->[:react-native-file-viewer] AndroidManifest.xml:9:13-75
208            android:authorities="com.homehosp.provider"
208-->[:react-native-file-viewer] AndroidManifest.xml:10:13-60
209            android:exported="false"
209-->[:react-native-file-viewer] AndroidManifest.xml:11:13-37
210            android:grantUriPermissions="true" >
210-->[:react-native-file-viewer] AndroidManifest.xml:12:13-47
211            <meta-data
211-->[:react-native-file-viewer] AndroidManifest.xml:13:13-15:70
212                android:name="android.support.FILE_PROVIDER_PATHS"
212-->[:react-native-file-viewer] AndroidManifest.xml:14:17-67
213                android:resource="@xml/file_viewer_provider_paths" />
213-->[:react-native-file-viewer] AndroidManifest.xml:15:17-67
214        </provider>
215        <provider
215-->[:react-native-image-crop-picker] AndroidManifest.xml:16:9-24:20
216            android:name="androidx.core.content.FileProvider"
216-->[:react-native-image-crop-picker] AndroidManifest.xml:17:13-62
217            android:authorities="com.homehosp.provider"
217-->[:react-native-image-crop-picker] AndroidManifest.xml:18:13-60
218            android:exported="false"
218-->[:react-native-image-crop-picker] AndroidManifest.xml:19:13-37
219            android:grantUriPermissions="true" >
219-->[:react-native-image-crop-picker] AndroidManifest.xml:20:13-47
220            <meta-data
220-->[:react-native-file-viewer] AndroidManifest.xml:13:13-15:70
221                android:name="android.support.FILE_PROVIDER_PATHS"
221-->[:react-native-file-viewer] AndroidManifest.xml:14:17-67
222                android:resource="@xml/provider_paths" />
222-->[:react-native-file-viewer] AndroidManifest.xml:15:17-67
223        </provider>
224
225        <activity
225-->[:react-native-image-crop-picker] AndroidManifest.xml:26:9-28:72
226            android:name="com.yalantis.ucrop.UCropActivity"
226-->[:react-native-image-crop-picker] AndroidManifest.xml:27:13-60
227            android:theme="@style/Theme.AppCompat.Light.NoActionBar" />
227-->[:react-native-image-crop-picker] AndroidManifest.xml:28:13-69
228
229        <provider
229-->[:react-native-image-picker] AndroidManifest.xml:8:9-16:20
230            android:name="com.imagepicker.ImagePickerProvider"
230-->[:react-native-image-picker] AndroidManifest.xml:9:13-63
231            android:authorities="com.homehosp.imagepickerprovider"
231-->[:react-native-image-picker] AndroidManifest.xml:10:13-71
232            android:exported="false"
232-->[:react-native-image-picker] AndroidManifest.xml:11:13-37
233            android:grantUriPermissions="true" >
233-->[:react-native-image-picker] AndroidManifest.xml:12:13-47
234            <meta-data
234-->[:react-native-file-viewer] AndroidManifest.xml:13:13-15:70
235                android:name="android.support.FILE_PROVIDER_PATHS"
235-->[:react-native-file-viewer] AndroidManifest.xml:14:17-67
236                android:resource="@xml/imagepicker_provider_paths" />
236-->[:react-native-file-viewer] AndroidManifest.xml:15:17-67
237        </provider>
238        <provider
238-->[:react-native-webview] AndroidManifest.xml:8:9-16:20
239            android:name="com.reactnativecommunity.webview.RNCWebViewFileProvider"
239-->[:react-native-webview] AndroidManifest.xml:9:13-83
240            android:authorities="com.homehosp.fileprovider"
240-->[:react-native-webview] AndroidManifest.xml:10:13-64
241            android:exported="false"
241-->[:react-native-webview] AndroidManifest.xml:11:13-37
242            android:grantUriPermissions="true" >
242-->[:react-native-webview] AndroidManifest.xml:12:13-47
243            <meta-data
243-->[:react-native-file-viewer] AndroidManifest.xml:13:13-15:70
244                android:name="android.support.FILE_PROVIDER_PATHS"
244-->[:react-native-file-viewer] AndroidManifest.xml:14:17-67
245                android:resource="@xml/file_provider_paths" />
245-->[:react-native-file-viewer] AndroidManifest.xml:15:17-67
246        </provider>
247        <provider
247-->[:rn-fetch-blob] AndroidManifest.xml:32:9-40:20
248            android:name="com.RNFetchBlob.Utils.FileProvider"
248-->[:rn-fetch-blob] AndroidManifest.xml:33:13-62
249            android:authorities="com.homehosp.provider"
249-->[:rn-fetch-blob] AndroidManifest.xml:34:13-60
250            android:exported="false"
250-->[:rn-fetch-blob] AndroidManifest.xml:35:13-37
251            android:grantUriPermissions="true" >
251-->[:rn-fetch-blob] AndroidManifest.xml:36:13-47
252            <meta-data
252-->[:react-native-file-viewer] AndroidManifest.xml:13:13-15:70
253                android:name="android.support.FILE_PROVIDER_PATHS"
253-->[:react-native-file-viewer] AndroidManifest.xml:14:17-67
254                android:resource="@xml/provider_paths" />
254-->[:react-native-file-viewer] AndroidManifest.xml:15:17-67
255        </provider>
256
257        <activity
257-->[com.stripe:paymentsheet:20.25.8] AndroidManifest.xml:8:9-12:58
258            android:name="com.stripe.android.paymentsheet.PaymentSheetActivity"
258-->[com.stripe:paymentsheet:20.25.8] AndroidManifest.xml:9:13-80
259            android:exported="false"